
2026-07-22 05:04:47:447 [35mhttp[39m: [35mGET /api/v1/dashboard/notifications 200 394 - 15.714 ms[39m
2026-07-22 05:04:47:447 [35mhttp[39m: [35mGET /api/v1/dashboard/activity 200 347 - 12.748 ms[39m
2026-07-22 05:04:47:447 [35mhttp[39m: [35mGET /api/v1/dashboard/recent-memories 200 114 - 24.807 ms[39m
2026-07-22 05:04:47:447 [35mhttp[39m: [35mGET /api/v1/dashboard/recent-trips 200 111 - 30.198 ms[39m
2026-07-22 05:04:47:447 [35mhttp[39m: [35mGET /api/v1/dashboard/saved-places 200 111 - 14.682 ms[39m
2026-07-22 05:04:47:447 [35mhttp[39m: [35mGET /api/v1/dashboard/overview 200 378 - 43.489 ms[39m
2026-07-22 05:04:47:447 [35mhttp[39m: [35mGET /api/v1/dashboard/statistics 200 333 - 51.120 ms[39m
2026-07-22 05:14:25:1425 [33mwarn[39m: [33mAuthentication required. Please log in to proceed. [Code: UNAUTHORIZED_ACCESS][39m
2026-07-22 05:14:25:1425 [35mhttp[39m: [35mGET /api/v1/dashboard/overview 401 1472 - 3.838 ms[39m
2026-07-22 05:14:25:1425 [33mwarn[39m: [33mAuthentication required. Please log in to proceed. [Code: UNAUTHORIZED_ACCESS][39m
2026-07-22 05:14:25:1425 [35mhttp[39m: [35mGET /api/v1/dashboard/statistics 401 1472 - 5.340 ms[39m
2026-07-22 05:14:25:1425 [33mwarn[39m: [33mAuthentication required. Please log in to proceed. [Code: UNAUTHORIZED_ACCESS][39m
2026-07-22 05:14:25:1425 [35mhttp[39m: [35mGET /api/v1/dashboard/recent-trips 401 1472 - 6.529 ms[39m
2026-07-22 05:14:25:1425 [33mwarn[39m: [33mAuthentication required. Please log in to proceed. [Code: UNAUTHORIZED_ACCESS][39m
2026-07-22 05:14:25:1425 [35mhttp[39m: [35mGET /api/v1/dashboard/recent-memories 401 1472 - 7.634 ms[39m
2026-07-22 05:14:25:1425 [33mwarn[39m: [33mAuthentication required. Please log in to proceed. [Code: UNAUTHORIZED_ACCESS][39m
2026-07-22 05:14:25:1425 [35mhttp[39m: [35mGET /api/v1/dashboard/saved-places 401 1472 - 8.275 ms[39m
2026-07-22 05:14:25:1425 [33mwarn[39m: [33mAuthentication required. Please log in to proceed. [Code: UNAUTHORIZED_ACCESS][39m
2026-07-22 05:14:25:1425 [35mhttp[39m: [35mGET /api/v1/dashboard/notifications 401 1472 - 8.815 ms[39m
2026-07-22 05:14:25:1425 [33mwarn[39m: [33mAuthentication required. Please log in to proceed. [Code: UNAUTHORIZED_ACCESS][39m
2026-07-22 05:14:25:1425 [35mhttp[39m: [35mGET /api/v1/dashboard/activity 401 1472 - 7.163 ms[39m
